2025-12-08 23:24:57,494 - INFO - Starting data extraction from API....
2025-12-08 23:24:58,274 - INFO - Extracted 100 rows
2025-12-08 23:24:58,275 - INFO - Start data transformation...
2025-12-08 23:24:58,281 - INFO - Data transformation completed
2025-12-08 23:24:58,282 - INFO - Starting data load to PostgreSQL...
2025-12-08 23:24:58,670 - INFO - Loaded 100 rows into the database
2025-12-08 23:24:58,670 - INFO - 
Pipeline executed successfully :]

2025-12-08 23:26:26,404 - INFO - Starting data extraction from API....
2025-12-08 23:26:27,008 - INFO - Extracted 100 rows
2025-12-08 23:26:27,009 - INFO - Start data transformation...
2025-12-08 23:26:27,011 - INFO - Data transformation completed
2025-12-08 23:26:27,011 - INFO - Starting data load to PostgreSQL...
2025-12-08 23:26:27,194 - INFO - Loaded 100 rows into the database
2025-12-08 23:26:27,194 - INFO - 
Pipeline executed successfully :]

2025-12-08 23:49:15,631 - INFO - Starting data extraction from API....
2025-12-08 23:49:16,899 - INFO - Extracted 100 rows
2025-12-08 23:49:16,903 - INFO - Start data transformation...
2025-12-08 23:49:16,912 - INFO - Data transformation completed
2025-12-08 23:49:16,912 - INFO - Starting data load to PostgreSQL...
2025-12-08 23:49:17,180 - INFO - Loaded 100 rows into the database
2025-12-08 23:49:17,181 - INFO - 
Pipeline executed successfully :]

